Analysis & Synthesis report for Lab2
Thu May 07 23:48:18 2020
Quartus Prime Version 19.1.0 Build 670 09/22/2019 SJ Lite Edition


---------------------
; Table of Contents ;
---------------------
  1. Legal Notice
  2. Analysis & Synthesis Summary
  3. Analysis & Synthesis Settings
  4. Parallel Compilation
  5. Analysis & Synthesis Source Files Read
  6. Analysis & Synthesis Resource Usage Summary
  7. Analysis & Synthesis Resource Utilization by Entity
  8. Registers Removed During Synthesis
  9. General Register Statistics
 10. Multiplexer Restructuring Statistics (Restructuring Performed)
 11. Parameter Settings for Inferred Entity Instance: lcd_int:Sdisp|lpm_divide:Div0
 12. Parameter Settings for Inferred Entity Instance: lcd_int:Sdisp|lpm_divide:Mod0
 13. Parameter Settings for Inferred Entity Instance: lcd_int:Mdisp|lpm_divide:Div0
 14. Parameter Settings for Inferred Entity Instance: lcd_int:Mdisp|lpm_divide:Mod0
 15. Parameter Settings for Inferred Entity Instance: lcd_int:Hdisp|lpm_divide:Mod0
 16. Parameter Settings for Inferred Entity Instance: lcd_int:Daydisp|lpm_divide:Mod0
 17. Parameter Settings for Inferred Entity Instance: ct_mod60:Sct|lpm_divide:Mod0
 18. Parameter Settings for Inferred Entity Instance: ct_mod60:Mct|lpm_divide:Mod0
 19. Parameter Settings for Inferred Entity Instance: ct_mod60:Mreg|lpm_divide:Mod0
 20. Parameter Settings for Inferred Entity Instance: ct_mod24:Hct|lpm_divide:Mod0
 21. Parameter Settings for Inferred Entity Instance: ct_mod24:Hreg|lpm_divide:Mod0
 22. Parameter Settings for Inferred Entity Instance: ct_mod7:Dct|lpm_divide:Mod0
 23. Port Connectivity Checks: "lcd_int:Daydisp"
 24. Port Connectivity Checks: "ct_mod24:Hreg"
 25. Port Connectivity Checks: "ct_mod60:Mreg"
 26. Port Connectivity Checks: "ct_mod7:Dct"
 27. Post-Synthesis Netlist Statistics for Top Partition
 28. Elapsed Time Per Partition
 29. Analysis & Synthesis Messages



----------------
; Legal Notice ;
----------------
Copyright (C) 2019  Intel Corporation. All rights reserved.
Your use of Intel Corporation's design tools, logic functions 
and other software and tools, and any partner logic 
functions, and any output files from any of the foregoing 
(including device programming or simulation files), and any 
associated documentation or information are expressly subject 
to the terms and conditions of the Intel Program License 
Subscription Agreement, the Intel Quartus Prime License Agreement,
the Intel FPGA IP License Agreement, or other applicable license
agreement, including, without limitation, that your use is for
the sole purpose of programming logic devices manufactured by
Intel and sold by Intel or its authorized distributors.  Please
refer to the applicable agreement for further details, at
https://fpgasoftware.intel.com/eula.



+----------------------------------------------------------------------------------+
; Analysis & Synthesis Summary                                                     ;
+------------------------------------+---------------------------------------------+
; Analysis & Synthesis Status        ; Successful - Thu May 07 23:48:18 2020       ;
; Quartus Prime Version              ; 19.1.0 Build 670 09/22/2019 SJ Lite Edition ;
; Revision Name                      ; Lab2                                        ;
; Top-level Entity Name              ; struct_diag                                 ;
; Family                             ; Cyclone IV E                                ;
; Total logic elements               ; 497                                         ;
;     Total combinational functions  ; 497                                         ;
;     Dedicated logic registers      ; 31                                          ;
; Total registers                    ; 31                                          ;
; Total pins                         ; 59                                          ;
; Total virtual pins                 ; 0                                           ;
; Total memory bits                  ; 0                                           ;
; Embedded Multiplier 9-bit elements ; 0                                           ;
; Total PLLs                         ; 0                                           ;
+------------------------------------+---------------------------------------------+


+------------------------------------------------------------------------------------------------------------+
; Analysis & Synthesis Settings                                                                              ;
+------------------------------------------------------------------+--------------------+--------------------+
; Option                                                           ; Setting            ; Default Value      ;
+------------------------------------------------------------------+--------------------+--------------------+
; Top-level entity name                                            ; struct_diag        ; Lab2               ;
; Family name                                                      ; Cyclone IV E       ; Cyclone V          ;
; Use smart compilation                                            ; Off                ; Off                ;
; Enable parallel Assembler and Timing Analyzer during compilation ; On                 ; On                 ;
; Enable compact report table                                      ; Off                ; Off                ;
; Restructure Multiplexers                                         ; Auto               ; Auto               ;
; Create Debugging Nodes for IP Cores                              ; Off                ; Off                ;
; Preserve fewer node names                                        ; On                 ; On                 ;
; Intel FPGA IP Evaluation Mode                                    ; Enable             ; Enable             ;
; Verilog Version                                                  ; Verilog_2001       ; Verilog_2001       ;
; VHDL Version                                                     ; VHDL_1993          ; VHDL_1993          ;
; State Machine Processing                                         ; Auto               ; Auto               ;
; Safe State Machine                                               ; Off                ; Off                ;
; Extract Verilog State Machines                                   ; On                 ; On                 ;
; Extract VHDL State Machines                                      ; On                 ; On                 ;
; Ignore Verilog initial constructs                                ; Off                ; Off                ;
; Iteration limit for constant Verilog loops                       ; 5000               ; 5000               ;
; Iteration limit for non-constant Verilog loops                   ; 250                ; 250                ;
; Add Pass-Through Logic to Inferred RAMs                          ; On                 ; On                 ;
; Infer RAMs from Raw Logic                                        ; On                 ; On                 ;
; Parallel Synthesis                                               ; On                 ; On                 ;
; DSP Block Balancing                                              ; Auto               ; Auto               ;
; NOT Gate Push-Back                                               ; On                 ; On                 ;
; Power-Up Don't Care                                              ; On                 ; On                 ;
; Remove Redundant Logic Cells                                     ; Off                ; Off                ;
; Remove Duplicate Registers                                       ; On                 ; On                 ;
; Ignore CARRY Buffers                                             ; Off                ; Off                ;
; Ignore CASCADE Buffers                                           ; Off                ; Off                ;
; Ignore GLOBAL Buffers                                            ; Off                ; Off                ;
; Ignore ROW GLOBAL Buffers                                        ; Off                ; Off                ;
; Ignore LCELL Buffers                                             ; Off                ; Off                ;
; Ignore SOFT Buffers                                              ; On                 ; On                 ;
; Limit AHDL Integers to 32 Bits                                   ; Off                ; Off                ;
; Optimization Technique                                           ; Balanced           ; Balanced           ;
; Carry Chain Length                                               ; 70                 ; 70                 ;
; Auto Carry Chains                                                ; On                 ; On                 ;
; Auto Open-Drain Pins                                             ; On                 ; On                 ;
; Perform WYSIWYG Primitive Resynthesis                            ; Off                ; Off                ;
; Auto ROM Replacement                                             ; On                 ; On                 ;
; Auto RAM Replacement                                             ; On                 ; On                 ;
; Auto DSP Block Replacement                                       ; On                 ; On                 ;
; Auto Shift Register Replacement                                  ; Auto               ; Auto               ;
; Allow Shift Register Merging across Hierarchies                  ; Auto               ; Auto               ;
; Auto Clock Enable Replacement                                    ; On                 ; On                 ;
; Strict RAM Replacement                                           ; Off                ; Off                ;
; Allow Synchronous Control Signals                                ; On                 ; On                 ;
; Force Use of Synchronous Clear Signals                           ; Off                ; Off                ;
; Auto RAM Block Balancing                                         ; On                 ; On                 ;
; Auto RAM to Logic Cell Conversion                                ; Off                ; Off                ;
; Auto Resource Sharing                                            ; Off                ; Off                ;
; Allow Any RAM Size For Recognition                               ; Off                ; Off                ;
; Allow Any ROM Size For Recognition                               ; Off                ; Off                ;
; Allow Any Shift Register Size For Recognition                    ; Off                ; Off                ;
; Use LogicLock Constraints during Resource Balancing              ; On                 ; On                 ;
; Ignore translate_off and synthesis_off directives                ; Off                ; Off                ;
; Timing-Driven Synthesis                                          ; On                 ; On                 ;
; Report Parameter Settings                                        ; On                 ; On                 ;
; Report Source Assignments                                        ; On                 ; On                 ;
; Report Connectivity Checks                                       ; On                 ; On                 ;
; Ignore Maximum Fan-Out Assignments                               ; Off                ; Off                ;
; Synchronization Register Chain Length                            ; 2                  ; 2                  ;
; Power Optimization During Synthesis                              ; Normal compilation ; Normal compilation ;
; HDL message level                                                ; Level2             ; Level2             ;
; Suppress Register Optimization Related Messages                  ; Off                ; Off                ;
; Number of Removed Registers Reported in Synthesis Report         ; 5000               ; 5000               ;
; Number of Swept Nodes Reported in Synthesis Report               ; 5000               ; 5000               ;
; Number of Inverted Registers Reported in Synthesis Report        ; 100                ; 100                ;
; Clock MUX Protection                                             ; On                 ; On                 ;
; Auto Gated Clock Conversion                                      ; Off                ; Off                ;
; Block Design Naming                                              ; Auto               ; Auto               ;
; SDC constraint protection                                        ; Off                ; Off                ;
; Synthesis Effort                                                 ; Auto               ; Auto               ;
; Shift Register Replacement - Allow Asynchronous Clear Signal     ; On                 ; On                 ;
; Pre-Mapping Resynthesis Optimization                             ; Off                ; Off                ;
; Analysis & Synthesis Message Level                               ; Medium             ; Medium             ;
; Disable Register Merging Across Hierarchies                      ; Auto               ; Auto               ;
; Resource Aware Inference For Block RAM                           ; On                 ; On                 ;
+------------------------------------------------------------------+--------------------+--------------------+


+------------------------------------------+
; Parallel Compilation                     ;
+----------------------------+-------------+
; Processors                 ; Number      ;
+----------------------------+-------------+
; Number detected on machine ; 8           ;
; Maximum allowed            ; 4           ;
;                            ;             ;
; Average used               ; 1.00        ;
; Maximum used               ; 4           ;
;                            ;             ;
; Usage by Processor         ; % Time Used ;
;     Processor 1            ; 100.0%      ;
;     Processors 2-4         ;   0.0%      ;
+----------------------------+-------------+


+-----------------------------------------------------------------------------------------------------------------------------------------------------------------------------------+
; Analysis & Synthesis Source Files Read                                                                                                                                            ;
+----------------------------------+-----------------+------------------------------+-------------------------------------------------------------------------------------+---------+
; File Name with User-Entered Path ; Used in Netlist ; File Type                    ; File Name with Absolute Path                                                        ; Library ;
+----------------------------------+-----------------+------------------------------+-------------------------------------------------------------------------------------+---------+
; Part 2/ct_mod24.sv               ; yes             ; User SystemVerilog HDL File  ; C:/Users/Daniel/Desktop/CSE 140L/Lab 2 fr/CSE-140L-Lab-2/Part 2/ct_mod24.sv         ;         ;
; Part 2/ct_mod60.sv               ; yes             ; User SystemVerilog HDL File  ; C:/Users/Daniel/Desktop/CSE 140L/Lab 2 fr/CSE-140L-Lab-2/Part 2/ct_mod60.sv         ;         ;
; Part 2/lcd_int3.sv               ; yes             ; User SystemVerilog HDL File  ; C:/Users/Daniel/Desktop/CSE 140L/Lab 2 fr/CSE-140L-Lab-2/Part 2/lcd_int3.sv         ;         ;
; Part 2/ct_mod7.sv                ; yes             ; User SystemVerilog HDL File  ; C:/Users/Daniel/Desktop/CSE 140L/Lab 2 fr/CSE-140L-Lab-2/Part 2/ct_mod7.sv          ;         ;
; Part 2/struct_diag.sv            ; yes             ; User SystemVerilog HDL File  ; C:/Users/Daniel/Desktop/CSE 140L/Lab 2 fr/CSE-140L-Lab-2/Part 2/struct_diag.sv      ;         ;
; Part 2/alarm.sv                  ; yes             ; User SystemVerilog HDL File  ; C:/Users/Daniel/Desktop/CSE 140L/Lab 2 fr/CSE-140L-Lab-2/Part 2/alarm.sv            ;         ;
; lpm_divide.tdf                   ; yes             ; Megafunction                 ; c:/intelfpga_lite/19.1/quartus/libraries/megafunctions/lpm_divide.tdf               ;         ;
; abs_divider.inc                  ; yes             ; Megafunction                 ; c:/intelfpga_lite/19.1/quartus/libraries/megafunctions/abs_divider.inc              ;         ;
; sign_div_unsign.inc              ; yes             ; Megafunction                 ; c:/intelfpga_lite/19.1/quartus/libraries/megafunctions/sign_div_unsign.inc          ;         ;
; aglobal191.inc                   ; yes             ; Megafunction                 ; c:/intelfpga_lite/19.1/quartus/libraries/megafunctions/aglobal191.inc               ;         ;
; db/lpm_divide_0jm.tdf            ; yes             ; Auto-Generated Megafunction  ; C:/Users/Daniel/Desktop/CSE 140L/Lab 2 fr/CSE-140L-Lab-2/db/lpm_divide_0jm.tdf      ;         ;
; db/sign_div_unsign_olh.tdf       ; yes             ; Auto-Generated Megafunction  ; C:/Users/Daniel/Desktop/CSE 140L/Lab 2 fr/CSE-140L-Lab-2/db/sign_div_unsign_olh.tdf ;         ;
; db/alt_u_div_47f.tdf             ; yes             ; Auto-Generated Megafunction  ; C:/Users/Daniel/Desktop/CSE 140L/Lab 2 fr/CSE-140L-Lab-2/db/alt_u_div_47f.tdf       ;         ;
; db/add_sub_7pc.tdf               ; yes             ; Auto-Generated Megafunction  ; C:/Users/Daniel/Desktop/CSE 140L/Lab 2 fr/CSE-140L-Lab-2/db/add_sub_7pc.tdf         ;         ;
; db/add_sub_8pc.tdf               ; yes             ; Auto-Generated Megafunction  ; C:/Users/Daniel/Desktop/CSE 140L/Lab 2 fr/CSE-140L-Lab-2/db/add_sub_8pc.tdf         ;         ;
; db/lpm_divide_l9m.tdf            ; yes             ; Auto-Generated Megafunction  ; C:/Users/Daniel/Desktop/CSE 140L/Lab 2 fr/CSE-140L-Lab-2/db/lpm_divide_l9m.tdf      ;         ;
; db/sign_div_unsign_akh.tdf       ; yes             ; Auto-Generated Megafunction  ; C:/Users/Daniel/Desktop/CSE 140L/Lab 2 fr/CSE-140L-Lab-2/db/sign_div_unsign_akh.tdf ;         ;
; db/alt_u_div_84f.tdf             ; yes             ; Auto-Generated Megafunction  ; C:/Users/Daniel/Desktop/CSE 140L/Lab 2 fr/CSE-140L-Lab-2/db/alt_u_div_84f.tdf       ;         ;
; db/lpm_divide_o9m.tdf            ; yes             ; Auto-Generated Megafunction  ; C:/Users/Daniel/Desktop/CSE 140L/Lab 2 fr/CSE-140L-Lab-2/db/lpm_divide_o9m.tdf      ;         ;
; db/sign_div_unsign_dkh.tdf       ; yes             ; Auto-Generated Megafunction  ; C:/Users/Daniel/Desktop/CSE 140L/Lab 2 fr/CSE-140L-Lab-2/db/sign_div_unsign_dkh.tdf ;         ;
; db/alt_u_div_e4f.tdf             ; yes             ; Auto-Generated Megafunction  ; C:/Users/Daniel/Desktop/CSE 140L/Lab 2 fr/CSE-140L-Lab-2/db/alt_u_div_e4f.tdf       ;         ;
; db/lpm_divide_n9m.tdf            ; yes             ; Auto-Generated Megafunction  ; C:/Users/Daniel/Desktop/CSE 140L/Lab 2 fr/CSE-140L-Lab-2/db/lpm_divide_n9m.tdf      ;         ;
; db/sign_div_unsign_ckh.tdf       ; yes             ; Auto-Generated Megafunction  ; C:/Users/Daniel/Desktop/CSE 140L/Lab 2 fr/CSE-140L-Lab-2/db/sign_div_unsign_ckh.tdf ;         ;
; db/alt_u_div_c4f.tdf             ; yes             ; Auto-Generated Megafunction  ; C:/Users/Daniel/Desktop/CSE 140L/Lab 2 fr/CSE-140L-Lab-2/db/alt_u_div_c4f.tdf       ;         ;
; db/lpm_divide_m9m.tdf            ; yes             ; Auto-Generated Megafunction  ; C:/Users/Daniel/Desktop/CSE 140L/Lab 2 fr/CSE-140L-Lab-2/db/lpm_divide_m9m.tdf      ;         ;
; db/sign_div_unsign_bkh.tdf       ; yes             ; Auto-Generated Megafunction  ; C:/Users/Daniel/Desktop/CSE 140L/Lab 2 fr/CSE-140L-Lab-2/db/sign_div_unsign_bkh.tdf ;         ;
; db/alt_u_div_94f.tdf             ; yes             ; Auto-Generated Megafunction  ; C:/Users/Daniel/Desktop/CSE 140L/Lab 2 fr/CSE-140L-Lab-2/db/alt_u_div_94f.tdf       ;         ;
+----------------------------------+-----------------+------------------------------+-------------------------------------------------------------------------------------+---------+


+-----------------------------------------------------------+
; Analysis & Synthesis Resource Usage Summary               ;
+---------------------------------------------+-------------+
; Resource                                    ; Usage       ;
+---------------------------------------------+-------------+
; Estimated Total logic elements              ; 497         ;
;                                             ;             ;
; Total combinational functions               ; 497         ;
; Logic element usage by number of LUT inputs ;             ;
;     -- 4 input functions                    ; 110         ;
;     -- 3 input functions                    ; 117         ;
;     -- <=2 input functions                  ; 270         ;
;                                             ;             ;
; Logic elements by mode                      ;             ;
;     -- normal mode                          ; 337         ;
;     -- arithmetic mode                      ; 160         ;
;                                             ;             ;
; Total registers                             ; 31          ;
;     -- Dedicated logic registers            ; 31          ;
;     -- I/O registers                        ; 0           ;
;                                             ;             ;
; I/O pins                                    ; 59          ;
;                                             ;             ;
; Embedded Multiplier 9-bit elements          ; 0           ;
;                                             ;             ;
; Maximum fan-out node                        ; Reset~input ;
; Maximum fan-out                             ; 37          ;
; Total fan-out                               ; 1471        ;
; Average fan-out                             ; 2.28        ;
+---------------------------------------------+-------------+


+----------------------------------------------------------------------------------------------------------------------------------------------------------------------------------------------------------------------------------------------------------------------------------------------------------------------------------------+
; Analysis & Synthesis Resource Utilization by Entity                                                                                                                                                                                                                                                                                    ;
+-------------------------------------------+---------------------+---------------------------+-------------+--------------+---------+-----------+------+--------------+----------------------------------------------------------------------------------------------------------------------------+---------------------+--------------+
; Compilation Hierarchy Node                ; Combinational ALUTs ; Dedicated Logic Registers ; Memory Bits ; DSP Elements ; DSP 9x9 ; DSP 18x18 ; Pins ; Virtual Pins ; Full Hierarchy Name                                                                                                        ; Entity Name         ; Library Name ;
+-------------------------------------------+---------------------+---------------------------+-------------+--------------+---------+-----------+------+--------------+----------------------------------------------------------------------------------------------------------------------------+---------------------+--------------+
; |struct_diag                              ; 497 (14)            ; 31 (0)                    ; 0           ; 0            ; 0       ; 0         ; 59   ; 0            ; |struct_diag                                                                                                               ; struct_diag         ; work         ;
;    |alarm:a1|                             ; 9 (9)               ; 0 (0)                     ; 0           ; 0            ; 0       ; 0         ; 0    ; 0            ; |struct_diag|alarm:a1                                                                                                      ; alarm               ; work         ;
;    |ct_mod24:Hct|                         ; 32 (7)              ; 5 (5)                     ; 0           ; 0            ; 0       ; 0         ; 0    ; 0            ; |struct_diag|ct_mod24:Hct                                                                                                  ; ct_mod24            ; work         ;
;       |lpm_divide:Mod0|                   ; 25 (0)              ; 0 (0)                     ; 0           ; 0            ; 0       ; 0         ; 0    ; 0            ; |struct_diag|ct_mod24:Hct|lpm_divide:Mod0                                                                                  ; lpm_divide          ; work         ;
;          |lpm_divide_n9m:auto_generated|  ; 25 (0)              ; 0 (0)                     ; 0           ; 0            ; 0       ; 0         ; 0    ; 0            ; |struct_diag|ct_mod24:Hct|lpm_divide:Mod0|lpm_divide_n9m:auto_generated                                                    ; lpm_divide_n9m      ; work         ;
;             |sign_div_unsign_ckh:divider| ; 25 (0)              ; 0 (0)                     ; 0           ; 0            ; 0       ; 0         ; 0    ; 0            ; |struct_diag|ct_mod24:Hct|lpm_divide:Mod0|lpm_divide_n9m:auto_generated|sign_div_unsign_ckh:divider                        ; sign_div_unsign_ckh ; work         ;
;                |alt_u_div_c4f:divider|    ; 25 (25)             ; 0 (0)                     ; 0           ; 0            ; 0       ; 0         ; 0    ; 0            ; |struct_diag|ct_mod24:Hct|lpm_divide:Mod0|lpm_divide_n9m:auto_generated|sign_div_unsign_ckh:divider|alt_u_div_c4f:divider  ; alt_u_div_c4f       ; work         ;
;    |ct_mod24:Hreg|                        ; 22 (7)              ; 5 (5)                     ; 0           ; 0            ; 0       ; 0         ; 0    ; 0            ; |struct_diag|ct_mod24:Hreg                                                                                                 ; ct_mod24            ; work         ;
;       |lpm_divide:Mod0|                   ; 15 (0)              ; 0 (0)                     ; 0           ; 0            ; 0       ; 0         ; 0    ; 0            ; |struct_diag|ct_mod24:Hreg|lpm_divide:Mod0                                                                                 ; lpm_divide          ; work         ;
;          |lpm_divide_n9m:auto_generated|  ; 15 (0)              ; 0 (0)                     ; 0           ; 0            ; 0       ; 0         ; 0    ; 0            ; |struct_diag|ct_mod24:Hreg|lpm_divide:Mod0|lpm_divide_n9m:auto_generated                                                   ; lpm_divide_n9m      ; work         ;
;             |sign_div_unsign_ckh:divider| ; 15 (0)              ; 0 (0)                     ; 0           ; 0            ; 0       ; 0         ; 0    ; 0            ; |struct_diag|ct_mod24:Hreg|lpm_divide:Mod0|lpm_divide_n9m:auto_generated|sign_div_unsign_ckh:divider                       ; sign_div_unsign_ckh ; work         ;
;                |alt_u_div_c4f:divider|    ; 15 (15)             ; 0 (0)                     ; 0           ; 0            ; 0       ; 0         ; 0    ; 0            ; |struct_diag|ct_mod24:Hreg|lpm_divide:Mod0|lpm_divide_n9m:auto_generated|sign_div_unsign_ckh:divider|alt_u_div_c4f:divider ; alt_u_div_c4f       ; work         ;
;    |ct_mod60:Mct|                         ; 35 (9)              ; 6 (6)                     ; 0           ; 0            ; 0       ; 0         ; 0    ; 0            ; |struct_diag|ct_mod60:Mct                                                                                                  ; ct_mod60            ; work         ;
;       |lpm_divide:Mod0|                   ; 26 (0)              ; 0 (0)                     ; 0           ; 0            ; 0       ; 0         ; 0    ; 0            ; |struct_diag|ct_mod60:Mct|lpm_divide:Mod0                                                                                  ; lpm_divide          ; work         ;
;          |lpm_divide_o9m:auto_generated|  ; 26 (0)              ; 0 (0)                     ; 0           ; 0            ; 0       ; 0         ; 0    ; 0            ; |struct_diag|ct_mod60:Mct|lpm_divide:Mod0|lpm_divide_o9m:auto_generated                                                    ; lpm_divide_o9m      ; work         ;
;             |sign_div_unsign_dkh:divider| ; 26 (0)              ; 0 (0)                     ; 0           ; 0            ; 0       ; 0         ; 0    ; 0            ; |struct_diag|ct_mod60:Mct|lpm_divide:Mod0|lpm_divide_o9m:auto_generated|sign_div_unsign_dkh:divider                        ; sign_div_unsign_dkh ; work         ;
;                |alt_u_div_e4f:divider|    ; 26 (26)             ; 0 (0)                     ; 0           ; 0            ; 0       ; 0         ; 0    ; 0            ; |struct_diag|ct_mod60:Mct|lpm_divide:Mod0|lpm_divide_o9m:auto_generated|sign_div_unsign_dkh:divider|alt_u_div_e4f:divider  ; alt_u_div_e4f       ; work         ;
;    |ct_mod60:Mreg|                        ; 34 (8)              ; 6 (6)                     ; 0           ; 0            ; 0       ; 0         ; 0    ; 0            ; |struct_diag|ct_mod60:Mreg                                                                                                 ; ct_mod60            ; work         ;
;       |lpm_divide:Mod0|                   ; 26 (0)              ; 0 (0)                     ; 0           ; 0            ; 0       ; 0         ; 0    ; 0            ; |struct_diag|ct_mod60:Mreg|lpm_divide:Mod0                                                                                 ; lpm_divide          ; work         ;
;          |lpm_divide_o9m:auto_generated|  ; 26 (0)              ; 0 (0)                     ; 0           ; 0            ; 0       ; 0         ; 0    ; 0            ; |struct_diag|ct_mod60:Mreg|lpm_divide:Mod0|lpm_divide_o9m:auto_generated                                                   ; lpm_divide_o9m      ; work         ;
;             |sign_div_unsign_dkh:divider| ; 26 (0)              ; 0 (0)                     ; 0           ; 0            ; 0       ; 0         ; 0    ; 0            ; |struct_diag|ct_mod60:Mreg|lpm_divide:Mod0|lpm_divide_o9m:auto_generated|sign_div_unsign_dkh:divider                       ; sign_div_unsign_dkh ; work         ;
;                |alt_u_div_e4f:divider|    ; 26 (26)             ; 0 (0)                     ; 0           ; 0            ; 0       ; 0         ; 0    ; 0            ; |struct_diag|ct_mod60:Mreg|lpm_divide:Mod0|lpm_divide_o9m:auto_generated|sign_div_unsign_dkh:divider|alt_u_div_e4f:divider ; alt_u_div_e4f       ; work         ;
;    |ct_mod60:Sct|                         ; 36 (10)             ; 6 (6)                     ; 0           ; 0            ; 0       ; 0         ; 0    ; 0            ; |struct_diag|ct_mod60:Sct                                                                                                  ; ct_mod60            ; work         ;
;       |lpm_divide:Mod0|                   ; 26 (0)              ; 0 (0)                     ; 0           ; 0            ; 0       ; 0         ; 0    ; 0            ; |struct_diag|ct_mod60:Sct|lpm_divide:Mod0                                                                                  ; lpm_divide          ; work         ;
;          |lpm_divide_o9m:auto_generated|  ; 26 (0)              ; 0 (0)                     ; 0           ; 0            ; 0       ; 0         ; 0    ; 0            ; |struct_diag|ct_mod60:Sct|lpm_divide:Mod0|lpm_divide_o9m:auto_generated                                                    ; lpm_divide_o9m      ; work         ;
;             |sign_div_unsign_dkh:divider| ; 26 (0)              ; 0 (0)                     ; 0           ; 0            ; 0       ; 0         ; 0    ; 0            ; |struct_diag|ct_mod60:Sct|lpm_divide:Mod0|lpm_divide_o9m:auto_generated|sign_div_unsign_dkh:divider                        ; sign_div_unsign_dkh ; work         ;
;                |alt_u_div_e4f:divider|    ; 26 (26)             ; 0 (0)                     ; 0           ; 0            ; 0       ; 0         ; 0    ; 0            ; |struct_diag|ct_mod60:Sct|lpm_divide:Mod0|lpm_divide_o9m:auto_generated|sign_div_unsign_dkh:divider|alt_u_div_e4f:divider  ; alt_u_div_e4f       ; work         ;
;    |ct_mod7:Dct|                          ; 23 (4)              ; 3 (3)                     ; 0           ; 0            ; 0       ; 0         ; 0    ; 0            ; |struct_diag|ct_mod7:Dct                                                                                                   ; ct_mod7             ; work         ;
;       |lpm_divide:Mod0|                   ; 19 (0)              ; 0 (0)                     ; 0           ; 0            ; 0       ; 0         ; 0    ; 0            ; |struct_diag|ct_mod7:Dct|lpm_divide:Mod0                                                                                   ; lpm_divide          ; work         ;
;          |lpm_divide_m9m:auto_generated|  ; 19 (0)              ; 0 (0)                     ; 0           ; 0            ; 0       ; 0         ; 0    ; 0            ; |struct_diag|ct_mod7:Dct|lpm_divide:Mod0|lpm_divide_m9m:auto_generated                                                     ; lpm_divide_m9m      ; work         ;
;             |sign_div_unsign_bkh:divider| ; 19 (0)              ; 0 (0)                     ; 0           ; 0            ; 0       ; 0         ; 0    ; 0            ; |struct_diag|ct_mod7:Dct|lpm_divide:Mod0|lpm_divide_m9m:auto_generated|sign_div_unsign_bkh:divider                         ; sign_div_unsign_bkh ; work         ;
;                |alt_u_div_94f:divider|    ; 19 (19)             ; 0 (0)                     ; 0           ; 0            ; 0       ; 0         ; 0    ; 0            ; |struct_diag|ct_mod7:Dct|lpm_divide:Mod0|lpm_divide_m9m:auto_generated|sign_div_unsign_bkh:divider|alt_u_div_94f:divider   ; alt_u_div_94f       ; work         ;
;    |lcd_int:Daydisp|                      ; 7 (7)               ; 0 (0)                     ; 0           ; 0            ; 0       ; 0         ; 0    ; 0            ; |struct_diag|lcd_int:Daydisp                                                                                               ; lcd_int             ; work         ;
;    |lcd_int:Hdisp|                        ; 47 (26)             ; 0 (0)                     ; 0           ; 0            ; 0       ; 0         ; 0    ; 0            ; |struct_diag|lcd_int:Hdisp                                                                                                 ; lcd_int             ; work         ;
;       |lpm_divide:Mod0|                   ; 21 (0)              ; 0 (0)                     ; 0           ; 0            ; 0       ; 0         ; 0    ; 0            ; |struct_diag|lcd_int:Hdisp|lpm_divide:Mod0                                                                                 ; lpm_divide          ; work         ;
;          |lpm_divide_l9m:auto_generated|  ; 21 (0)              ; 0 (0)                     ; 0           ; 0            ; 0       ; 0         ; 0    ; 0            ; |struct_diag|lcd_int:Hdisp|lpm_divide:Mod0|lpm_divide_l9m:auto_generated                                                   ; lpm_divide_l9m      ; work         ;
;             |sign_div_unsign_akh:divider| ; 21 (0)              ; 0 (0)                     ; 0           ; 0            ; 0       ; 0         ; 0    ; 0            ; |struct_diag|lcd_int:Hdisp|lpm_divide:Mod0|lpm_divide_l9m:auto_generated|sign_div_unsign_akh:divider                       ; sign_div_unsign_akh ; work         ;
;                |alt_u_div_84f:divider|    ; 21 (21)             ; 0 (0)                     ; 0           ; 0            ; 0       ; 0         ; 0    ; 0            ; |struct_diag|lcd_int:Hdisp|lpm_divide:Mod0|lpm_divide_l9m:auto_generated|sign_div_unsign_akh:divider|alt_u_div_84f:divider ; alt_u_div_84f       ; work         ;
;    |lcd_int:Mdisp|                        ; 119 (28)            ; 0 (0)                     ; 0           ; 0            ; 0       ; 0         ; 0    ; 0            ; |struct_diag|lcd_int:Mdisp                                                                                                 ; lcd_int             ; work         ;
;       |lpm_divide:Div0|                   ; 57 (0)              ; 0 (0)                     ; 0           ; 0            ; 0       ; 0         ; 0    ; 0            ; |struct_diag|lcd_int:Mdisp|lpm_divide:Div0                                                                                 ; lpm_divide          ; work         ;
;          |lpm_divide_0jm:auto_generated|  ; 57 (0)              ; 0 (0)                     ; 0           ; 0            ; 0       ; 0         ; 0    ; 0            ; |struct_diag|lcd_int:Mdisp|lpm_divide:Div0|lpm_divide_0jm:auto_generated                                                   ; lpm_divide_0jm      ; work         ;
;             |sign_div_unsign_olh:divider| ; 57 (0)              ; 0 (0)                     ; 0           ; 0            ; 0       ; 0         ; 0    ; 0            ; |struct_diag|lcd_int:Mdisp|lpm_divide:Div0|lpm_divide_0jm:auto_generated|sign_div_unsign_olh:divider                       ; sign_div_unsign_olh ; work         ;
;                |alt_u_div_47f:divider|    ; 57 (57)             ; 0 (0)                     ; 0           ; 0            ; 0       ; 0         ; 0    ; 0            ; |struct_diag|lcd_int:Mdisp|lpm_divide:Div0|lpm_divide_0jm:auto_generated|sign_div_unsign_olh:divider|alt_u_div_47f:divider ; alt_u_div_47f       ; work         ;
;       |lpm_divide:Mod0|                   ; 34 (0)              ; 0 (0)                     ; 0           ; 0            ; 0       ; 0         ; 0    ; 0            ; |struct_diag|lcd_int:Mdisp|lpm_divide:Mod0                                                                                 ; lpm_divide          ; work         ;
;          |lpm_divide_l9m:auto_generated|  ; 34 (0)              ; 0 (0)                     ; 0           ; 0            ; 0       ; 0         ; 0    ; 0            ; |struct_diag|lcd_int:Mdisp|lpm_divide:Mod0|lpm_divide_l9m:auto_generated                                                   ; lpm_divide_l9m      ; work         ;
;             |sign_div_unsign_akh:divider| ; 34 (0)              ; 0 (0)                     ; 0           ; 0            ; 0       ; 0         ; 0    ; 0            ; |struct_diag|lcd_int:Mdisp|lpm_divide:Mod0|lpm_divide_l9m:auto_generated|sign_div_unsign_akh:divider                       ; sign_div_unsign_akh ; work         ;
;                |alt_u_div_84f:divider|    ; 34 (34)             ; 0 (0)                     ; 0           ; 0            ; 0       ; 0         ; 0    ; 0            ; |struct_diag|lcd_int:Mdisp|lpm_divide:Mod0|lpm_divide_l9m:auto_generated|sign_div_unsign_akh:divider|alt_u_div_84f:divider ; alt_u_div_84f       ; work         ;
;    |lcd_int:Sdisp|                        ; 119 (28)            ; 0 (0)                     ; 0           ; 0            ; 0       ; 0         ; 0    ; 0            ; |struct_diag|lcd_int:Sdisp                                                                                                 ; lcd_int             ; work         ;
;       |lpm_divide:Div0|                   ; 57 (0)              ; 0 (0)                     ; 0           ; 0            ; 0       ; 0         ; 0    ; 0            ; |struct_diag|lcd_int:Sdisp|lpm_divide:Div0                                                                                 ; lpm_divide          ; work         ;
;          |lpm_divide_0jm:auto_generated|  ; 57 (0)              ; 0 (0)                     ; 0           ; 0            ; 0       ; 0         ; 0    ; 0            ; |struct_diag|lcd_int:Sdisp|lpm_divide:Div0|lpm_divide_0jm:auto_generated                                                   ; lpm_divide_0jm      ; work         ;
;             |sign_div_unsign_olh:divider| ; 57 (0)              ; 0 (0)                     ; 0           ; 0            ; 0       ; 0         ; 0    ; 0            ; |struct_diag|lcd_int:Sdisp|lpm_divide:Div0|lpm_divide_0jm:auto_generated|sign_div_unsign_olh:divider                       ; sign_div_unsign_olh ; work         ;
;                |alt_u_div_47f:divider|    ; 57 (57)             ; 0 (0)                     ; 0           ; 0            ; 0       ; 0         ; 0    ; 0            ; |struct_diag|lcd_int:Sdisp|lpm_divide:Div0|lpm_divide_0jm:auto_generated|sign_div_unsign_olh:divider|alt_u_div_47f:divider ; alt_u_div_47f       ; work         ;
;       |lpm_divide:Mod0|                   ; 34 (0)              ; 0 (0)                     ; 0           ; 0            ; 0       ; 0         ; 0    ; 0            ; |struct_diag|lcd_int:Sdisp|lpm_divide:Mod0                                                                                 ; lpm_divide          ; work         ;
;          |lpm_divide_l9m:auto_generated|  ; 34 (0)              ; 0 (0)                     ; 0           ; 0            ; 0       ; 0         ; 0    ; 0            ; |struct_diag|lcd_int:Sdisp|lpm_divide:Mod0|lpm_divide_l9m:auto_generated                                                   ; lpm_divide_l9m      ; work         ;
;             |sign_div_unsign_akh:divider| ; 34 (0)              ; 0 (0)                     ; 0           ; 0            ; 0       ; 0         ; 0    ; 0            ; |struct_diag|lcd_int:Sdisp|lpm_divide:Mod0|lpm_divide_l9m:auto_generated|sign_div_unsign_akh:divider                       ; sign_div_unsign_akh ; work         ;
;                |alt_u_div_84f:divider|    ; 34 (34)             ; 0 (0)                     ; 0           ; 0            ; 0       ; 0         ; 0    ; 0            ; |struct_diag|lcd_int:Sdisp|lpm_divide:Mod0|lpm_divide_l9m:auto_generated|sign_div_unsign_akh:divider|alt_u_div_84f:divider ; alt_u_div_84f       ; work         ;
+-------------------------------------------+---------------------+---------------------------+-------------+--------------+---------+-----------+------+--------------+----------------------------------------------------------------------------------------------------------------------------+---------------------+--------------+
Note: For table entries with two numbers listed, the numbers in parentheses indicate the number of resources of the given type used by the specific entity alone. The numbers listed outside of parentheses indicate the total resources of the given type used by the specific entity and all of its sub-entities in the hierarchy.


+---------------------------------------------------------------------------------+
; Registers Removed During Synthesis                                              ;
+----------------------------------------+----------------------------------------+
; Register name                          ; Reason for Removal                     ;
+----------------------------------------+----------------------------------------+
; ct_mod24:Hct|ct_out[6]                 ; Merged with ct_mod24:Hct|ct_out[5]     ;
; ct_mod24:Hreg|ct_out[6]                ; Merged with ct_mod24:Hreg|ct_out[5]    ;
; ct_mod7:Dct|ct_out[4..6]               ; Merged with ct_mod7:Dct|ct_out[3]      ;
; ct_mod24:Hreg|ct_out[5]                ; Stuck at GND due to stuck port data_in ;
; ct_mod60:Mreg|ct_out[6]                ; Stuck at GND due to stuck port data_in ;
; ct_mod7:Dct|ct_out[3]                  ; Stuck at GND due to stuck port data_in ;
; ct_mod24:Hct|ct_out[5]                 ; Stuck at GND due to stuck port data_in ;
; ct_mod60:Mct|ct_out[6]                 ; Stuck at GND due to stuck port data_in ;
; ct_mod60:Sct|ct_out[6]                 ; Stuck at GND due to stuck port data_in ;
; Total Number of Removed Registers = 11 ;                                        ;
+----------------------------------------+----------------------------------------+


+------------------------------------------------------+
; General Register Statistics                          ;
+----------------------------------------------+-------+
; Statistic                                    ; Value ;
+----------------------------------------------+-------+
; Total registers                              ; 31    ;
; Number of registers using Synchronous Clear  ; 31    ;
; Number of registers using Synchronous Load   ; 0     ;
; Number of registers using Asynchronous Clear ; 0     ;
; Number of registers using Asynchronous Load  ; 0     ;
; Number of registers using Clock Enable       ; 31    ;
; Number of registers using Preset             ; 0     ;
+----------------------------------------------+-------+


+----------------------------------------------------------------------------------------------------------------------------------------------------+
; Multiplexer Restructuring Statistics (Restructuring Performed)                                                                                     ;
+--------------------+-----------+---------------+----------------------+------------------------+------------+--------------------------------------+
; Multiplexer Inputs ; Bus Width ; Baseline Area ; Area if Restructured ; Saving if Restructured ; Registered ; Example Multiplexer Output           ;
+--------------------+-----------+---------------+----------------------+------------------------+------------+--------------------------------------+
; 3:1                ; 6 bits    ; 12 LEs        ; 6 LEs                ; 6 LEs                  ; Yes        ; |struct_diag|ct_mod60:Mct|ct_out[5]  ;
; 3:1                ; 6 bits    ; 12 LEs        ; 6 LEs                ; 6 LEs                  ; Yes        ; |struct_diag|ct_mod60:Mreg|ct_out[5] ;
; 3:1                ; 5 bits    ; 10 LEs        ; 5 LEs                ; 5 LEs                  ; Yes        ; |struct_diag|ct_mod24:Hct|ct_out[0]  ;
; 3:1                ; 5 bits    ; 10 LEs        ; 5 LEs                ; 5 LEs                  ; Yes        ; |struct_diag|ct_mod24:Hreg|ct_out[4] ;
; 3:1                ; 3 bits    ; 6 LEs         ; 3 LEs                ; 3 LEs                  ; Yes        ; |struct_diag|ct_mod7:Dct|ct_out[2]   ;
; 3:1                ; 6 bits    ; 12 LEs        ; 6 LEs                ; 6 LEs                  ; Yes        ; |struct_diag|ct_mod60:Sct|ct_out[0]  ;
+--------------------+-----------+---------------+----------------------+------------------------+------------+--------------------------------------+


+--------------------------------------------------------------------------------+
; Parameter Settings for Inferred Entity Instance: lcd_int:Sdisp|lpm_divide:Div0 ;
+------------------------+----------------+--------------------------------------+
; Parameter Name         ; Value          ; Type                                 ;
+------------------------+----------------+--------------------------------------+
; LPM_WIDTHN             ; 32             ; Untyped                              ;
; LPM_WIDTHD             ; 4              ; Untyped                              ;
; LPM_NREPRESENTATION    ; UNSIGNED       ; Untyped                              ;
; LPM_DREPRESENTATION    ; UNSIGNED       ; Untyped                              ;
; LPM_PIPELINE           ; 0              ; Untyped                              ;
; LPM_REMAINDERPOSITIVE  ; TRUE           ; Untyped                              ;
; MAXIMIZE_SPEED         ; 5              ; Untyped                              ;
; CBXI_PARAMETER         ; lpm_divide_0jm ; Untyped                              ;
; CARRY_CHAIN            ; MANUAL         ; Untyped                              ;
; OPTIMIZE_FOR_SPEED     ; 5              ; Untyped                              ;
; AUTO_CARRY_CHAINS      ; ON             ; AUTO_CARRY                           ;
; IGNORE_CARRY_BUFFERS   ; OFF            ; IGNORE_CARRY                         ;
; AUTO_CASCADE_CHAINS    ; ON             ; AUTO_CASCADE                         ;
; IGNORE_CASCADE_BUFFERS ; OFF            ; IGNORE_CASCADE                       ;
+------------------------+----------------+--------------------------------------+
Note: In order to hide this table in the UI and the text report file, please set the "Show Parameter Settings in Synthesis Report" option in "Analysis and Synthesis Settings -> More Settings" to "Off".


+--------------------------------------------------------------------------------+
; Parameter Settings for Inferred Entity Instance: lcd_int:Sdisp|lpm_divide:Mod0 ;
+------------------------+----------------+--------------------------------------+
; Parameter Name         ; Value          ; Type                                 ;
+------------------------+----------------+--------------------------------------+
; LPM_WIDTHN             ; 7              ; Untyped                              ;
; LPM_WIDTHD             ; 4              ; Untyped                              ;
; LPM_NREPRESENTATION    ; UNSIGNED       ; Untyped                              ;
; LPM_DREPRESENTATION    ; UNSIGNED       ; Untyped                              ;
; LPM_PIPELINE           ; 0              ; Untyped                              ;
; LPM_REMAINDERPOSITIVE  ; TRUE           ; Untyped                              ;
; MAXIMIZE_SPEED         ; 5              ; Untyped                              ;
; CBXI_PARAMETER         ; lpm_divide_l9m ; Untyped                              ;
; CARRY_CHAIN            ; MANUAL         ; Untyped                              ;
; OPTIMIZE_FOR_SPEED     ; 5              ; Untyped                              ;
; AUTO_CARRY_CHAINS      ; ON             ; AUTO_CARRY                           ;
; IGNORE_CARRY_BUFFERS   ; OFF            ; IGNORE_CARRY                         ;
; AUTO_CASCADE_CHAINS    ; ON             ; AUTO_CASCADE                         ;
; IGNORE_CASCADE_BUFFERS ; OFF            ; IGNORE_CASCADE                       ;
+------------------------+----------------+--------------------------------------+
Note: In order to hide this table in the UI and the text report file, please set the "Show Parameter Settings in Synthesis Report" option in "Analysis and Synthesis Settings -> More Settings" to "Off".


+--------------------------------------------------------------------------------+
; Parameter Settings for Inferred Entity Instance: lcd_int:Mdisp|lpm_divide:Div0 ;
+------------------------+----------------+--------------------------------------+
; Parameter Name         ; Value          ; Type                                 ;
+------------------------+----------------+--------------------------------------+
; LPM_WIDTHN             ; 32             ; Untyped                              ;
; LPM_WIDTHD             ; 4              ; Untyped                              ;
; LPM_NREPRESENTATION    ; UNSIGNED       ; Untyped                              ;
; LPM_DREPRESENTATION    ; UNSIGNED       ; Untyped                              ;
; LPM_PIPELINE           ; 0              ; Untyped                              ;
; LPM_REMAINDERPOSITIVE  ; TRUE           ; Untyped                              ;
; MAXIMIZE_SPEED         ; 5              ; Untyped                              ;
; CBXI_PARAMETER         ; lpm_divide_0jm ; Untyped                              ;
; CARRY_CHAIN            ; MANUAL         ; Untyped                              ;
; OPTIMIZE_FOR_SPEED     ; 5              ; Untyped                              ;
; AUTO_CARRY_CHAINS      ; ON             ; AUTO_CARRY                           ;
; IGNORE_CARRY_BUFFERS   ; OFF            ; IGNORE_CARRY                         ;
; AUTO_CASCADE_CHAINS    ; ON             ; AUTO_CASCADE                         ;
; IGNORE_CASCADE_BUFFERS ; OFF            ; IGNORE_CASCADE                       ;
+------------------------+----------------+--------------------------------------+
Note: In order to hide this table in the UI and the text report file, please set the "Show Parameter Settings in Synthesis Report" option in "Analysis and Synthesis Settings -> More Settings" to "Off".


+--------------------------------------------------------------------------------+
; Parameter Settings for Inferred Entity Instance: lcd_int:Mdisp|lpm_divide:Mod0 ;
+------------------------+----------------+--------------------------------------+
; Parameter Name         ; Value          ; Type                                 ;
+------------------------+----------------+--------------------------------------+
; LPM_WIDTHN             ; 7              ; Untyped                              ;
; LPM_WIDTHD             ; 4              ; Untyped                              ;
; LPM_NREPRESENTATION    ; UNSIGNED       ; Untyped                              ;
; LPM_DREPRESENTATION    ; UNSIGNED       ; Untyped                              ;
; LPM_PIPELINE           ; 0              ; Untyped                              ;
; LPM_REMAINDERPOSITIVE  ; TRUE           ; Untyped                              ;
; MAXIMIZE_SPEED         ; 5              ; Untyped                              ;
; CBXI_PARAMETER         ; lpm_divide_l9m ; Untyped                              ;
; CARRY_CHAIN            ; MANUAL         ; Untyped                              ;
; OPTIMIZE_FOR_SPEED     ; 5              ; Untyped                              ;
; AUTO_CARRY_CHAINS      ; ON             ; AUTO_CARRY                           ;
; IGNORE_CARRY_BUFFERS   ; OFF            ; IGNORE_CARRY                         ;
; AUTO_CASCADE_CHAINS    ; ON             ; AUTO_CASCADE                         ;
; IGNORE_CASCADE_BUFFERS ; OFF            ; IGNORE_CASCADE                       ;
+------------------------+----------------+--------------------------------------+
Note: In order to hide this table in the UI and the text report file, please set the "Show Parameter Settings in Synthesis Report" option in "Analysis and Synthesis Settings -> More Settings" to "Off".


+--------------------------------------------------------------------------------+
; Parameter Settings for Inferred Entity Instance: lcd_int:Hdisp|lpm_divide:Mod0 ;
+------------------------+----------------+--------------------------------------+
; Parameter Name         ; Value          ; Type                                 ;
+------------------------+----------------+--------------------------------------+
; LPM_WIDTHN             ; 7              ; Untyped                              ;
; LPM_WIDTHD             ; 4              ; Untyped                              ;
; LPM_NREPRESENTATION    ; UNSIGNED       ; Untyped                              ;
; LPM_DREPRESENTATION    ; UNSIGNED       ; Untyped                              ;
; LPM_PIPELINE           ; 0              ; Untyped                              ;
; LPM_REMAINDERPOSITIVE  ; TRUE           ; Untyped                              ;
; MAXIMIZE_SPEED         ; 5              ; Untyped                              ;
; CBXI_PARAMETER         ; lpm_divide_l9m ; Untyped                              ;
; CARRY_CHAIN            ; MANUAL         ; Untyped                              ;
; OPTIMIZE_FOR_SPEED     ; 5              ; Untyped                              ;
; AUTO_CARRY_CHAINS      ; ON             ; AUTO_CARRY                           ;
; IGNORE_CARRY_BUFFERS   ; OFF            ; IGNORE_CARRY                         ;
; AUTO_CASCADE_CHAINS    ; ON             ; AUTO_CASCADE                         ;
; IGNORE_CASCADE_BUFFERS ; OFF            ; IGNORE_CASCADE                       ;
+------------------------+----------------+--------------------------------------+
Note: In order to hide this table in the UI and the text report file, please set the "Show Parameter Settings in Synthesis Report" option in "Analysis and Synthesis Settings -> More Settings" to "Off".


+----------------------------------------------------------------------------------+
; Parameter Settings for Inferred Entity Instance: lcd_int:Daydisp|lpm_divide:Mod0 ;
+------------------------+----------------+----------------------------------------+
; Parameter Name         ; Value          ; Type                                   ;
+------------------------+----------------+----------------------------------------+
; LPM_WIDTHN             ; 7              ; Untyped                                ;
; LPM_WIDTHD             ; 4              ; Untyped                                ;
; LPM_NREPRESENTATION    ; UNSIGNED       ; Untyped                                ;
; LPM_DREPRESENTATION    ; UNSIGNED       ; Untyped                                ;
; LPM_PIPELINE           ; 0              ; Untyped                                ;
; LPM_REMAINDERPOSITIVE  ; TRUE           ; Untyped                                ;
; MAXIMIZE_SPEED         ; 5              ; Untyped                                ;
; CBXI_PARAMETER         ; lpm_divide_l9m ; Untyped                                ;
; CARRY_CHAIN            ; MANUAL         ; Untyped                                ;
; OPTIMIZE_FOR_SPEED     ; 5              ; Untyped                                ;
; AUTO_CARRY_CHAINS      ; ON             ; AUTO_CARRY                             ;
; IGNORE_CARRY_BUFFERS   ; OFF            ; IGNORE_CARRY                           ;
; AUTO_CASCADE_CHAINS    ; ON             ; AUTO_CASCADE                           ;
; IGNORE_CASCADE_BUFFERS ; OFF            ; IGNORE_CASCADE                         ;
+------------------------+----------------+----------------------------------------+
Note: In order to hide this table in the UI and the text report file, please set the "Show Parameter Settings in Synthesis Report" option in "Analysis and Synthesis Settings -> More Settings" to "Off".


+-------------------------------------------------------------------------------+
; Parameter Settings for Inferred Entity Instance: ct_mod60:Sct|lpm_divide:Mod0 ;
+------------------------+----------------+-------------------------------------+
; Parameter Name         ; Value          ; Type                                ;
+------------------------+----------------+-------------------------------------+
; LPM_WIDTHN             ; 8              ; Untyped                             ;
; LPM_WIDTHD             ; 6              ; Untyped                             ;
; LPM_NREPRESENTATION    ; UNSIGNED       ; Untyped                             ;
; LPM_DREPRESENTATION    ; UNSIGNED       ; Untyped                             ;
; LPM_PIPELINE           ; 0              ; Untyped                             ;
; LPM_REMAINDERPOSITIVE  ; TRUE           ; Untyped                             ;
; MAXIMIZE_SPEED         ; 5              ; Untyped                             ;
; CBXI_PARAMETER         ; lpm_divide_o9m ; Untyped                             ;
; CARRY_CHAIN            ; MANUAL         ; Untyped                             ;
; OPTIMIZE_FOR_SPEED     ; 5              ; Untyped                             ;
; AUTO_CARRY_CHAINS      ; ON             ; AUTO_CARRY                          ;
; IGNORE_CARRY_BUFFERS   ; OFF            ; IGNORE_CARRY                        ;
; AUTO_CASCADE_CHAINS    ; ON             ; AUTO_CASCADE                        ;
; IGNORE_CASCADE_BUFFERS ; OFF            ; IGNORE_CASCADE                      ;
+------------------------+----------------+-------------------------------------+
Note: In order to hide this table in the UI and the text report file, please set the "Show Parameter Settings in Synthesis Report" option in "Analysis and Synthesis Settings -> More Settings" to "Off".


+-------------------------------------------------------------------------------+
; Parameter Settings for Inferred Entity Instance: ct_mod60:Mct|lpm_divide:Mod0 ;
+------------------------+----------------+-------------------------------------+
; Parameter Name         ; Value          ; Type                                ;
+------------------------+----------------+-------------------------------------+
; LPM_WIDTHN             ; 8              ; Untyped                             ;
; LPM_WIDTHD             ; 6              ; Untyped                             ;
; LPM_NREPRESENTATION    ; UNSIGNED       ; Untyped                             ;
; LPM_DREPRESENTATION    ; UNSIGNED       ; Untyped                             ;
; LPM_PIPELINE           ; 0              ; Untyped                             ;
; LPM_REMAINDERPOSITIVE  ; TRUE           ; Untyped                             ;
; MAXIMIZE_SPEED         ; 5              ; Untyped                             ;
; CBXI_PARAMETER         ; lpm_divide_o9m ; Untyped                             ;
; CARRY_CHAIN            ; MANUAL         ; Untyped                             ;
; OPTIMIZE_FOR_SPEED     ; 5              ; Untyped                             ;
; AUTO_CARRY_CHAINS      ; ON             ; AUTO_CARRY                          ;
; IGNORE_CARRY_BUFFERS   ; OFF            ; IGNORE_CARRY                        ;
; AUTO_CASCADE_CHAINS    ; ON             ; AUTO_CASCADE                        ;
; IGNORE_CASCADE_BUFFERS ; OFF            ; IGNORE_CASCADE                      ;
+------------------------+----------------+-------------------------------------+
Note: In order to hide this table in the UI and the text report file, please set the "Show Parameter Settings in Synthesis Report" option in "Analysis and Synthesis Settings -> More Settings" to "Off".


+--------------------------------------------------------------------------------+
; Parameter Settings for Inferred Entity Instance: ct_mod60:Mreg|lpm_divide:Mod0 ;
+------------------------+----------------+--------------------------------------+
; Parameter Name         ; Value          ; Type                                 ;
+------------------------+----------------+--------------------------------------+
; LPM_WIDTHN             ; 8              ; Untyped                              ;
; LPM_WIDTHD             ; 6              ; Untyped                              ;
; LPM_NREPRESENTATION    ; UNSIGNED       ; Untyped                              ;
; LPM_DREPRESENTATION    ; UNSIGNED       ; Untyped                              ;
; LPM_PIPELINE           ; 0              ; Untyped                              ;
; LPM_REMAINDERPOSITIVE  ; TRUE           ; Untyped                              ;
; MAXIMIZE_SPEED         ; 5              ; Untyped                              ;
; CBXI_PARAMETER         ; lpm_divide_o9m ; Untyped                              ;
; CARRY_CHAIN            ; MANUAL         ; Untyped                              ;
; OPTIMIZE_FOR_SPEED     ; 5              ; Untyped                              ;
; AUTO_CARRY_CHAINS      ; ON             ; AUTO_CARRY                           ;
; IGNORE_CARRY_BUFFERS   ; OFF            ; IGNORE_CARRY                         ;
; AUTO_CASCADE_CHAINS    ; ON             ; AUTO_CASCADE                         ;
; IGNORE_CASCADE_BUFFERS ; OFF            ; IGNORE_CASCADE                       ;
+------------------------+----------------+--------------------------------------+
Note: In order to hide this table in the UI and the text report file, please set the "Show Parameter Settings in Synthesis Report" option in "Analysis and Synthesis Settings -> More Settings" to "Off".


+-------------------------------------------------------------------------------+
; Parameter Settings for Inferred Entity Instance: ct_mod24:Hct|lpm_divide:Mod0 ;
+------------------------+----------------+-------------------------------------+
; Parameter Name         ; Value          ; Type                                ;
+------------------------+----------------+-------------------------------------+
; LPM_WIDTHN             ; 8              ; Untyped                             ;
; LPM_WIDTHD             ; 5              ; Untyped                             ;
; LPM_NREPRESENTATION    ; UNSIGNED       ; Untyped                             ;
; LPM_DREPRESENTATION    ; UNSIGNED       ; Untyped                             ;
; LPM_PIPELINE           ; 0              ; Untyped                             ;
; LPM_REMAINDERPOSITIVE  ; TRUE           ; Untyped                             ;
; MAXIMIZE_SPEED         ; 5              ; Untyped                             ;
; CBXI_PARAMETER         ; lpm_divide_n9m ; Untyped                             ;
; CARRY_CHAIN            ; MANUAL         ; Untyped                             ;
; OPTIMIZE_FOR_SPEED     ; 5              ; Untyped                             ;
; AUTO_CARRY_CHAINS      ; ON             ; AUTO_CARRY                          ;
; IGNORE_CARRY_BUFFERS   ; OFF            ; IGNORE_CARRY                        ;
; AUTO_CASCADE_CHAINS    ; ON             ; AUTO_CASCADE                        ;
; IGNORE_CASCADE_BUFFERS ; OFF            ; IGNORE_CASCADE                      ;
+------------------------+----------------+-------------------------------------+
Note: In order to hide this table in the UI and the text report file, please set the "Show Parameter Settings in Synthesis Report" option in "Analysis and Synthesis Settings -> More Settings" to "Off".


+--------------------------------------------------------------------------------+
; Parameter Settings for Inferred Entity Instance: ct_mod24:Hreg|lpm_divide:Mod0 ;
+------------------------+----------------+--------------------------------------+
; Parameter Name         ; Value          ; Type                                 ;
+------------------------+----------------+--------------------------------------+
; LPM_WIDTHN             ; 8              ; Untyped                              ;
; LPM_WIDTHD             ; 5              ; Untyped                              ;
; LPM_NREPRESENTATION    ; UNSIGNED       ; Untyped                              ;
; LPM_DREPRESENTATION    ; UNSIGNED       ; Untyped                              ;
; LPM_PIPELINE           ; 0              ; Untyped                              ;
; LPM_REMAINDERPOSITIVE  ; TRUE           ; Untyped                              ;
; MAXIMIZE_SPEED         ; 5              ; Untyped                              ;
; CBXI_PARAMETER         ; lpm_divide_n9m ; Untyped                              ;
; CARRY_CHAIN            ; MANUAL         ; Untyped                              ;
; OPTIMIZE_FOR_SPEED     ; 5              ; Untyped                              ;
; AUTO_CARRY_CHAINS      ; ON             ; AUTO_CARRY                           ;
; IGNORE_CARRY_BUFFERS   ; OFF            ; IGNORE_CARRY                         ;
; AUTO_CASCADE_CHAINS    ; ON             ; AUTO_CASCADE                         ;
; IGNORE_CASCADE_BUFFERS ; OFF            ; IGNORE_CASCADE                       ;
+------------------------+----------------+--------------------------------------+
Note: In order to hide this table in the UI and the text report file, please set the "Show Parameter Settings in Synthesis Report" option in "Analysis and Synthesis Settings -> More Settings" to "Off".


+------------------------------------------------------------------------------+
; Parameter Settings for Inferred Entity Instance: ct_mod7:Dct|lpm_divide:Mod0 ;
+------------------------+----------------+------------------------------------+
; Parameter Name         ; Value          ; Type                               ;
+------------------------+----------------+------------------------------------+
; LPM_WIDTHN             ; 8              ; Untyped                            ;
; LPM_WIDTHD             ; 3              ; Untyped                            ;
; LPM_NREPRESENTATION    ; UNSIGNED       ; Untyped                            ;
; LPM_DREPRESENTATION    ; UNSIGNED       ; Untyped                            ;
; LPM_PIPELINE           ; 0              ; Untyped                            ;
; LPM_REMAINDERPOSITIVE  ; TRUE           ; Untyped                            ;
; MAXIMIZE_SPEED         ; 5              ; Untyped                            ;
; CBXI_PARAMETER         ; lpm_divide_m9m ; Untyped                            ;
; CARRY_CHAIN            ; MANUAL         ; Untyped                            ;
; OPTIMIZE_FOR_SPEED     ; 5              ; Untyped                            ;
; AUTO_CARRY_CHAINS      ; ON             ; AUTO_CARRY                         ;
; IGNORE_CARRY_BUFFERS   ; OFF            ; IGNORE_CARRY                       ;
; AUTO_CASCADE_CHAINS    ; ON             ; AUTO_CASCADE                       ;
; IGNORE_CASCADE_BUFFERS ; OFF            ; IGNORE_CASCADE                     ;
+------------------------+----------------+------------------------------------+
Note: In order to hide this table in the UI and the text report file, please set the "Show Parameter Settings in Synthesis Report" option in "Analysis and Synthesis Settings -> More Settings" to "Off".


+-----------------------------------------------------------------------------------------------------------------------------------------+
; Port Connectivity Checks: "lcd_int:Daydisp"                                                                                             ;
+----------+--------+----------+----------------------------------------------------------------------------------------------------------+
; Port     ; Type   ; Severity ; Details                                                                                                  ;
+----------+--------+----------+----------------------------------------------------------------------------------------------------------+
; Segment1 ; Output ; Warning  ; Declared by entity but not connected by instance. Logic that only feeds a dangling port will be removed. ;
+----------+--------+----------+----------------------------------------------------------------------------------------------------------+


+---------------------------------------------------+
; Port Connectivity Checks: "ct_mod24:Hreg"         ;
+------+--------+----------+------------------------+
; Port ; Type   ; Severity ; Details                ;
+------+--------+----------+------------------------+
; z    ; Output ; Info     ; Explicitly unconnected ;
+------+--------+----------+------------------------+


+---------------------------------------------------+
; Port Connectivity Checks: "ct_mod60:Mreg"         ;
+------+--------+----------+------------------------+
; Port ; Type   ; Severity ; Details                ;
+------+--------+----------+------------------------+
; z    ; Output ; Info     ; Explicitly unconnected ;
+------+--------+----------+------------------------+


+----------------------------------------------------------------------------------------------------------------+
; Port Connectivity Checks: "ct_mod7:Dct"                                                                        ;
+------+--------+----------+-------------------------------------------------------------------------------------+
; Port ; Type   ; Severity ; Details                                                                             ;
+------+--------+----------+-------------------------------------------------------------------------------------+
; z    ; Output ; Info     ; Connected to dangling logic. Logic that only feeds a dangling port will be removed. ;
+------+--------+----------+-------------------------------------------------------------------------------------+


+-----------------------------------------------------+
; Post-Synthesis Netlist Statistics for Top Partition ;
+-----------------------+-----------------------------+
; Type                  ; Count                       ;
+-----------------------+-----------------------------+
; boundary_port         ; 59                          ;
; cycloneiii_ff         ; 31                          ;
;     ENA SCLR          ; 31                          ;
; cycloneiii_lcell_comb ; 533                         ;
;     arith             ; 160                         ;
;         1 data inputs ; 12                          ;
;         2 data inputs ; 57                          ;
;         3 data inputs ; 91                          ;
;     normal            ; 373                         ;
;         0 data inputs ; 38                          ;
;         1 data inputs ; 41                          ;
;         2 data inputs ; 158                         ;
;         3 data inputs ; 26                          ;
;         4 data inputs ; 110                         ;
;                       ;                             ;
; Max LUT depth         ; 23.60                       ;
; Average LUT depth     ; 13.59                       ;
+-----------------------+-----------------------------+


+-------------------------------+
; Elapsed Time Per Partition    ;
+----------------+--------------+
; Partition Name ; Elapsed Time ;
+----------------+--------------+
; Top            ; 00:00:01     ;
+----------------+--------------+


+-------------------------------+
; Analysis & Synthesis Messages ;
+-------------------------------+
Info: *******************************************************************
Info: Running Quartus Prime Analysis & Synthesis
    Info: Version 19.1.0 Build 670 09/22/2019 SJ Lite Edition
    Info: Processing started: Thu May 07 23:48:07 2020
Info: Command: quartus_map --read_settings_files=on --write_settings_files=off Lab2 -c Lab2
Warning (18236): Number of processors has not been specified which may cause overloading on shared machines.  Set the global assignment NUM_PARALLEL_PROCESSORS in your QSF to an appropriate value for best performance.
Info (20030): Parallel compilation is enabled and will use 4 of the 4 processors detected
Info (12021): Found 1 design units, including 1 entities, in source file part 2/ct_mod24.sv
    Info (12023): Found entity 1: ct_mod24 File: C:/Users/Daniel/Desktop/CSE 140L/Lab 2 fr/CSE-140L-Lab-2/Part 2/ct_mod24.sv Line: 6
Info (12021): Found 1 design units, including 1 entities, in source file part 2/ct_mod60.sv
    Info (12023): Found entity 1: ct_mod60 File: C:/Users/Daniel/Desktop/CSE 140L/Lab 2 fr/CSE-140L-Lab-2/Part 2/ct_mod60.sv Line: 4
Info (12021): Found 1 design units, including 1 entities, in source file part 2/lcd_int3.sv
    Info (12023): Found entity 1: lcd_int File: C:/Users/Daniel/Desktop/CSE 140L/Lab 2 fr/CSE-140L-Lab-2/Part 2/lcd_int3.sv Line: 1
Info (12021): Found 1 design units, including 1 entities, in source file part 2/ct_mod7.sv
    Info (12023): Found entity 1: ct_mod7 File: C:/Users/Daniel/Desktop/CSE 140L/Lab 2 fr/CSE-140L-Lab-2/Part 2/ct_mod7.sv Line: 6
Info (12021): Found 1 design units, including 1 entities, in source file part 2/struct_diag.sv
    Info (12023): Found entity 1: struct_diag File: C:/Users/Daniel/Desktop/CSE 140L/Lab 2 fr/CSE-140L-Lab-2/Part 2/struct_diag.sv Line: 3
Info (12021): Found 1 design units, including 1 entities, in source file part 2/lab2_tb.sv
    Info (12023): Found entity 1: lab2_tb File: C:/Users/Daniel/Desktop/CSE 140L/Lab 2 fr/CSE-140L-Lab-2/Part 2/lab2_tb.sv Line: 3
Info (12021): Found 1 design units, including 1 entities, in source file part 2/alarm.sv
    Info (12023): Found entity 1: alarm File: C:/Users/Daniel/Desktop/CSE 140L/Lab 2 fr/CSE-140L-Lab-2/Part 2/alarm.sv Line: 4
Info (12127): Elaborating entity "struct_diag" for the top level hierarchy
Info (12128): Elaborating entity "ct_mod60" for hierarchy "ct_mod60:Sct" File: C:/Users/Daniel/Desktop/CSE 140L/Lab 2 fr/CSE-140L-Lab-2/Part 2/struct_diag.sv Line: 28
Warning (10036): Verilog HDL or VHDL warning at ct_mod60.sv(8): object "ctq" assigned a value but never read File: C:/Users/Daniel/Desktop/CSE 140L/Lab 2 fr/CSE-140L-Lab-2/Part 2/ct_mod60.sv Line: 8
Warning (10230): Verilog HDL assignment warning at ct_mod60.sv(14): truncated value with size 32 to match size of target (7) File: C:/Users/Daniel/Desktop/CSE 140L/Lab 2 fr/CSE-140L-Lab-2/Part 2/ct_mod60.sv Line: 14
Info (12128): Elaborating entity "ct_mod24" for hierarchy "ct_mod24:Hct" File: C:/Users/Daniel/Desktop/CSE 140L/Lab 2 fr/CSE-140L-Lab-2/Part 2/struct_diag.sv Line: 42
Warning (10230): Verilog HDL assignment warning at ct_mod24.sv(15): truncated value with size 32 to match size of target (7) File: C:/Users/Daniel/Desktop/CSE 140L/Lab 2 fr/CSE-140L-Lab-2/Part 2/ct_mod24.sv Line: 15
Info (12128): Elaborating entity "ct_mod7" for hierarchy "ct_mod7:Dct" File: C:/Users/Daniel/Desktop/CSE 140L/Lab 2 fr/CSE-140L-Lab-2/Part 2/struct_diag.sv Line: 49
Warning (10230): Verilog HDL assignment warning at ct_mod7.sv(15): truncated value with size 32 to match size of target (7) File: C:/Users/Daniel/Desktop/CSE 140L/Lab 2 fr/CSE-140L-Lab-2/Part 2/ct_mod7.sv Line: 15
Info (12128): Elaborating entity "lcd_int" for hierarchy "lcd_int:Sdisp" File: C:/Users/Daniel/Desktop/CSE 140L/Lab 2 fr/CSE-140L-Lab-2/Part 2/struct_diag.sv Line: 100
Warning (10230): Verilog HDL assignment warning at lcd_int3.sv(7): truncated value with size 32 to match size of target (7) File: C:/Users/Daniel/Desktop/CSE 140L/Lab 2 fr/CSE-140L-Lab-2/Part 2/lcd_int3.sv Line: 7
Warning (10230): Verilog HDL assignment warning at lcd_int3.sv(9): truncated value with size 32 to match size of target (7) File: C:/Users/Daniel/Desktop/CSE 140L/Lab 2 fr/CSE-140L-Lab-2/Part 2/lcd_int3.sv Line: 9
Info (12128): Elaborating entity "alarm" for hierarchy "alarm:a1" File: C:/Users/Daniel/Desktop/CSE 140L/Lab 2 fr/CSE-140L-Lab-2/Part 2/struct_diag.sv Line: 123
Info (278001): Inferred 12 megafunctions from design logic
    Info (278004): Inferred divider/modulo megafunction ("lpm_divide") from the following logic: "lcd_int:Sdisp|Div0" File: C:/Users/Daniel/Desktop/CSE 140L/Lab 2 fr/CSE-140L-Lab-2/Part 2/lcd_int3.sv Line: 9
    Info (278004): Inferred divider/modulo megafunction ("lpm_divide") from the following logic: "lcd_int:Sdisp|Mod0" File: C:/Users/Daniel/Desktop/CSE 140L/Lab 2 fr/CSE-140L-Lab-2/Part 2/lcd_int3.sv Line: 7
    Info (278004): Inferred divider/modulo megafunction ("lpm_divide") from the following logic: "lcd_int:Mdisp|Div0" File: C:/Users/Daniel/Desktop/CSE 140L/Lab 2 fr/CSE-140L-Lab-2/Part 2/lcd_int3.sv Line: 9
    Info (278004): Inferred divider/modulo megafunction ("lpm_divide") from the following logic: "lcd_int:Mdisp|Mod0" File: C:/Users/Daniel/Desktop/CSE 140L/Lab 2 fr/CSE-140L-Lab-2/Part 2/lcd_int3.sv Line: 7
    Info (278004): Inferred divider/modulo megafunction ("lpm_divide") from the following logic: "lcd_int:Hdisp|Mod0" File: C:/Users/Daniel/Desktop/CSE 140L/Lab 2 fr/CSE-140L-Lab-2/Part 2/lcd_int3.sv Line: 7
    Info (278004): Inferred divider/modulo megafunction ("lpm_divide") from the following logic: "lcd_int:Daydisp|Mod0" File: C:/Users/Daniel/Desktop/CSE 140L/Lab 2 fr/CSE-140L-Lab-2/Part 2/lcd_int3.sv Line: 7
    Info (278004): Inferred divider/modulo megafunction ("lpm_divide") from the following logic: "ct_mod60:Sct|Mod0" File: C:/Users/Daniel/Desktop/CSE 140L/Lab 2 fr/CSE-140L-Lab-2/Part 2/ct_mod60.sv Line: 14
    Info (278004): Inferred divider/modulo megafunction ("lpm_divide") from the following logic: "ct_mod60:Mct|Mod0" File: C:/Users/Daniel/Desktop/CSE 140L/Lab 2 fr/CSE-140L-Lab-2/Part 2/ct_mod60.sv Line: 14
    Info (278004): Inferred divider/modulo megafunction ("lpm_divide") from the following logic: "ct_mod60:Mreg|Mod0" File: C:/Users/Daniel/Desktop/CSE 140L/Lab 2 fr/CSE-140L-Lab-2/Part 2/ct_mod60.sv Line: 14
    Info (278004): Inferred divider/modulo megafunction ("lpm_divide") from the following logic: "ct_mod24:Hct|Mod0" File: C:/Users/Daniel/Desktop/CSE 140L/Lab 2 fr/CSE-140L-Lab-2/Part 2/ct_mod24.sv Line: 15
    Info (278004): Inferred divider/modulo megafunction ("lpm_divide") from the following logic: "ct_mod24:Hreg|Mod0" File: C:/Users/Daniel/Desktop/CSE 140L/Lab 2 fr/CSE-140L-Lab-2/Part 2/ct_mod24.sv Line: 15
    Info (278004): Inferred divider/modulo megafunction ("lpm_divide") from the following logic: "ct_mod7:Dct|Mod0" File: C:/Users/Daniel/Desktop/CSE 140L/Lab 2 fr/CSE-140L-Lab-2/Part 2/ct_mod7.sv Line: 15
Info (12130): Elaborated megafunction instantiation "lcd_int:Sdisp|lpm_divide:Div0" File: C:/Users/Daniel/Desktop/CSE 140L/Lab 2 fr/CSE-140L-Lab-2/Part 2/lcd_int3.sv Line: 9
Info (12133): Instantiated megafunction "lcd_int:Sdisp|lpm_divide:Div0" with the following parameter: File: C:/Users/Daniel/Desktop/CSE 140L/Lab 2 fr/CSE-140L-Lab-2/Part 2/lcd_int3.sv Line: 9
    Info (12134): Parameter "LPM_WIDTHN" = "32"
    Info (12134): Parameter "LPM_WIDTHD" = "4"
    Info (12134): Parameter "LPM_NREPRESENTATION" = "UNSIGNED"
    Info (12134): Parameter "LPM_DREPRESENTATION" = "UNSIGNED"
Info (12021): Found 1 design units, including 1 entities, in source file db/lpm_divide_0jm.tdf
    Info (12023): Found entity 1: lpm_divide_0jm File: C:/Users/Daniel/Desktop/CSE 140L/Lab 2 fr/CSE-140L-Lab-2/db/lpm_divide_0jm.tdf Line: 25
Info (12021): Found 1 design units, including 1 entities, in source file db/sign_div_unsign_olh.tdf
    Info (12023): Found entity 1: sign_div_unsign_olh File: C:/Users/Daniel/Desktop/CSE 140L/Lab 2 fr/CSE-140L-Lab-2/db/sign_div_unsign_olh.tdf Line: 25
Info (12021): Found 1 design units, including 1 entities, in source file db/alt_u_div_47f.tdf
    Info (12023): Found entity 1: alt_u_div_47f File: C:/Users/Daniel/Desktop/CSE 140L/Lab 2 fr/CSE-140L-Lab-2/db/alt_u_div_47f.tdf Line: 27
Info (12021): Found 1 design units, including 1 entities, in source file db/add_sub_7pc.tdf
    Info (12023): Found entity 1: add_sub_7pc File: C:/Users/Daniel/Desktop/CSE 140L/Lab 2 fr/CSE-140L-Lab-2/db/add_sub_7pc.tdf Line: 23
Info (12021): Found 1 design units, including 1 entities, in source file db/add_sub_8pc.tdf
    Info (12023): Found entity 1: add_sub_8pc File: C:/Users/Daniel/Desktop/CSE 140L/Lab 2 fr/CSE-140L-Lab-2/db/add_sub_8pc.tdf Line: 23
Info (12130): Elaborated megafunction instantiation "lcd_int:Sdisp|lpm_divide:Mod0" File: C:/Users/Daniel/Desktop/CSE 140L/Lab 2 fr/CSE-140L-Lab-2/Part 2/lcd_int3.sv Line: 7
Info (12133): Instantiated megafunction "lcd_int:Sdisp|lpm_divide:Mod0" with the following parameter: File: C:/Users/Daniel/Desktop/CSE 140L/Lab 2 fr/CSE-140L-Lab-2/Part 2/lcd_int3.sv Line: 7
    Info (12134): Parameter "LPM_WIDTHN" = "7"
    Info (12134): Parameter "LPM_WIDTHD" = "4"
    Info (12134): Parameter "LPM_NREPRESENTATION" = "UNSIGNED"
    Info (12134): Parameter "LPM_DREPRESENTATION" = "UNSIGNED"
Info (12021): Found 1 design units, including 1 entities, in source file db/lpm_divide_l9m.tdf
    Info (12023): Found entity 1: lpm_divide_l9m File: C:/Users/Daniel/Desktop/CSE 140L/Lab 2 fr/CSE-140L-Lab-2/db/lpm_divide_l9m.tdf Line: 25
Info (12021): Found 1 design units, including 1 entities, in source file db/sign_div_unsign_akh.tdf
    Info (12023): Found entity 1: sign_div_unsign_akh File: C:/Users/Daniel/Desktop/CSE 140L/Lab 2 fr/CSE-140L-Lab-2/db/sign_div_unsign_akh.tdf Line: 25
Info (12021): Found 1 design units, including 1 entities, in source file db/alt_u_div_84f.tdf
    Info (12023): Found entity 1: alt_u_div_84f File: C:/Users/Daniel/Desktop/CSE 140L/Lab 2 fr/CSE-140L-Lab-2/db/alt_u_div_84f.tdf Line: 27
Info (12130): Elaborated megafunction instantiation "lcd_int:Hdisp|lpm_divide:Mod0" File: C:/Users/Daniel/Desktop/CSE 140L/Lab 2 fr/CSE-140L-Lab-2/Part 2/lcd_int3.sv Line: 7
Info (12133): Instantiated megafunction "lcd_int:Hdisp|lpm_divide:Mod0" with the following parameter: File: C:/Users/Daniel/Desktop/CSE 140L/Lab 2 fr/CSE-140L-Lab-2/Part 2/lcd_int3.sv Line: 7
    Info (12134): Parameter "LPM_WIDTHN" = "7"
    Info (12134): Parameter "LPM_WIDTHD" = "4"
    Info (12134): Parameter "LPM_NREPRESENTATION" = "UNSIGNED"
    Info (12134): Parameter "LPM_DREPRESENTATION" = "UNSIGNED"
Info (12130): Elaborated megafunction instantiation "lcd_int:Daydisp|lpm_divide:Mod0" File: C:/Users/Daniel/Desktop/CSE 140L/Lab 2 fr/CSE-140L-Lab-2/Part 2/lcd_int3.sv Line: 7
Info (12133): Instantiated megafunction "lcd_int:Daydisp|lpm_divide:Mod0" with the following parameter: File: C:/Users/Daniel/Desktop/CSE 140L/Lab 2 fr/CSE-140L-Lab-2/Part 2/lcd_int3.sv Line: 7
    Info (12134): Parameter "LPM_WIDTHN" = "7"
    Info (12134): Parameter "LPM_WIDTHD" = "4"
    Info (12134): Parameter "LPM_NREPRESENTATION" = "UNSIGNED"
    Info (12134): Parameter "LPM_DREPRESENTATION" = "UNSIGNED"
Info (12130): Elaborated megafunction instantiation "ct_mod60:Sct|lpm_divide:Mod0" File: C:/Users/Daniel/Desktop/CSE 140L/Lab 2 fr/CSE-140L-Lab-2/Part 2/ct_mod60.sv Line: 14
Info (12133): Instantiated megafunction "ct_mod60:Sct|lpm_divide:Mod0" with the following parameter: File: C:/Users/Daniel/Desktop/CSE 140L/Lab 2 fr/CSE-140L-Lab-2/Part 2/ct_mod60.sv Line: 14
    Info (12134): Parameter "LPM_WIDTHN" = "8"
    Info (12134): Parameter "LPM_WIDTHD" = "6"
    Info (12134): Parameter "LPM_NREPRESENTATION" = "UNSIGNED"
    Info (12134): Parameter "LPM_DREPRESENTATION" = "UNSIGNED"
Info (12021): Found 1 design units, including 1 entities, in source file db/lpm_divide_o9m.tdf
    Info (12023): Found entity 1: lpm_divide_o9m File: C:/Users/Daniel/Desktop/CSE 140L/Lab 2 fr/CSE-140L-Lab-2/db/lpm_divide_o9m.tdf Line: 25
Info (12021): Found 1 design units, including 1 entities, in source file db/sign_div_unsign_dkh.tdf
    Info (12023): Found entity 1: sign_div_unsign_dkh File: C:/Users/Daniel/Desktop/CSE 140L/Lab 2 fr/CSE-140L-Lab-2/db/sign_div_unsign_dkh.tdf Line: 25
Info (12021): Found 1 design units, including 1 entities, in source file db/alt_u_div_e4f.tdf
    Info (12023): Found entity 1: alt_u_div_e4f File: C:/Users/Daniel/Desktop/CSE 140L/Lab 2 fr/CSE-140L-Lab-2/db/alt_u_div_e4f.tdf Line: 27
Info (12130): Elaborated megafunction instantiation "ct_mod24:Hct|lpm_divide:Mod0" File: C:/Users/Daniel/Desktop/CSE 140L/Lab 2 fr/CSE-140L-Lab-2/Part 2/ct_mod24.sv Line: 15
Info (12133): Instantiated megafunction "ct_mod24:Hct|lpm_divide:Mod0" with the following parameter: File: C:/Users/Daniel/Desktop/CSE 140L/Lab 2 fr/CSE-140L-Lab-2/Part 2/ct_mod24.sv Line: 15
    Info (12134): Parameter "LPM_WIDTHN" = "8"
    Info (12134): Parameter "LPM_WIDTHD" = "5"
    Info (12134): Parameter "LPM_NREPRESENTATION" = "UNSIGNED"
    Info (12134): Parameter "LPM_DREPRESENTATION" = "UNSIGNED"
Info (12021): Found 1 design units, including 1 entities, in source file db/lpm_divide_n9m.tdf
    Info (12023): Found entity 1: lpm_divide_n9m File: C:/Users/Daniel/Desktop/CSE 140L/Lab 2 fr/CSE-140L-Lab-2/db/lpm_divide_n9m.tdf Line: 25
Info (12021): Found 1 design units, including 1 entities, in source file db/sign_div_unsign_ckh.tdf
    Info (12023): Found entity 1: sign_div_unsign_ckh File: C:/Users/Daniel/Desktop/CSE 140L/Lab 2 fr/CSE-140L-Lab-2/db/sign_div_unsign_ckh.tdf Line: 25
Info (12021): Found 1 design units, including 1 entities, in source file db/alt_u_div_c4f.tdf
    Info (12023): Found entity 1: alt_u_div_c4f File: C:/Users/Daniel/Desktop/CSE 140L/Lab 2 fr/CSE-140L-Lab-2/db/alt_u_div_c4f.tdf Line: 27
Info (12130): Elaborated megafunction instantiation "ct_mod7:Dct|lpm_divide:Mod0" File: C:/Users/Daniel/Desktop/CSE 140L/Lab 2 fr/CSE-140L-Lab-2/Part 2/ct_mod7.sv Line: 15
Info (12133): Instantiated megafunction "ct_mod7:Dct|lpm_divide:Mod0" with the following parameter: File: C:/Users/Daniel/Desktop/CSE 140L/Lab 2 fr/CSE-140L-Lab-2/Part 2/ct_mod7.sv Line: 15
    Info (12134): Parameter "LPM_WIDTHN" = "8"
    Info (12134): Parameter "LPM_WIDTHD" = "3"
    Info (12134): Parameter "LPM_NREPRESENTATION" = "UNSIGNED"
    Info (12134): Parameter "LPM_DREPRESENTATION" = "UNSIGNED"
Info (12021): Found 1 design units, including 1 entities, in source file db/lpm_divide_m9m.tdf
    Info (12023): Found entity 1: lpm_divide_m9m File: C:/Users/Daniel/Desktop/CSE 140L/Lab 2 fr/CSE-140L-Lab-2/db/lpm_divide_m9m.tdf Line: 25
Info (12021): Found 1 design units, including 1 entities, in source file db/sign_div_unsign_bkh.tdf
    Info (12023): Found entity 1: sign_div_unsign_bkh File: C:/Users/Daniel/Desktop/CSE 140L/Lab 2 fr/CSE-140L-Lab-2/db/sign_div_unsign_bkh.tdf Line: 25
Info (12021): Found 1 design units, including 1 entities, in source file db/alt_u_div_94f.tdf
    Info (12023): Found entity 1: alt_u_div_94f File: C:/Users/Daniel/Desktop/CSE 140L/Lab 2 fr/CSE-140L-Lab-2/db/alt_u_div_94f.tdf Line: 27
Warning (12241): 1 hierarchies have connectivity warnings - see the Connectivity Checks report folder
Info (286030): Timing-Driven Synthesis is running
Info (17016): Found the following redundant logic cells in design
    Info (17048): Logic cell "ct_mod24:Hct|lpm_divide:Mod0|lpm_divide_n9m:auto_generated|sign_div_unsign_ckh:divider|alt_u_div_c4f:divider|add_sub_7_result_int[0]~12" File: C:/Users/Daniel/Desktop/CSE 140L/Lab 2 fr/CSE-140L-Lab-2/db/alt_u_div_c4f.tdf Line: 62
Info (16010): Generating hard_block partition "hard_block:auto_generated_inst"
    Info (16011): Adding 0 node(s), including 0 DDIO, 0 PLL, 0 transceiver and 0 LCELL
Warning (21074): Design contains 1 input pin(s) that do not drive logic
    Warning (15610): No output dependent on input pin "Dayset" File: C:/Users/Daniel/Desktop/CSE 140L/Lab 2 fr/CSE-140L-Lab-2/Part 2/struct_diag.sv Line: 5
Info (21057): Implemented 556 device resources after synthesis - the final resource count might be different
    Info (21058): Implemented 9 input pins
    Info (21059): Implemented 50 output pins
    Info (21061): Implemented 497 logic cells
Info: Quartus Prime Analysis & Synthesis was successful. 0 errors, 10 warnings
    Info: Peak virtual memory: 4802 megabytes
    Info: Processing ended: Thu May 07 23:48:18 2020
    Info: Elapsed time: 00:00:11
    Info: Total CPU time (on all processors): 00:00:26


